
  “ The biggest battle is the war against ignorance. ”
  — Mustafa Kemal Atatürk


  “ Let all your things have their places; let each part of your business have its time. ”
  — Benjamin Franklin


  “ It is quality rather than quantity that matters. ”
  — Lucius Annaeus Seneca


  “ Do what you can, with what you have, where you are. ”
  — Theodore Roosevelt


  “ Walk as if you are kissing the Earth with your feet. ”
  — Thich Nhat Hanh


  “ Happiness is not something readymade. It comes from your own actions. ”
  — Dalai Lama


  “ Do what you can, with what you have, where you are. ”
  — Theodore Roosevelt


  “ Well begun is half done. ”
  — Aristotle


  “ Simplicity is the ultimate sophistication. ”
  — Leonardo da Vinci


  “ Happiness is not something readymade. It comes from your own actions. ”
  — Dalai Lama


  “ Happiness is not something readymade. It comes from your own actions. ”
  — Dalai Lama


  “ Smile, breathe, and go slowly. ”
  — Thich Nhat Hanh


  “ When there is no desire, all things are at peace. ”
  — Laozi


  “ The biggest battle is the war against ignorance. ”
  — Mustafa Kemal Atatürk


  “ Walk as if you are kissing the Earth with your feet. ”
  — Thich Nhat Hanh


  “ People find pleasure in different ways. I find it in keeping my mind clear. ”
  — Marcus Aurelius


  “ He who is contented is rich. ”
  — Laozi

